0 info it worked if it ends with ok
1 verbose cli [ '/sw/node/current/bin/node',
1 verbose cli   '/sw/node/current/bin/npm',
1 verbose cli   'start' ]
2 info using npm@2.11.3
3 info using node@v0.12.7
4 verbose node symlink /sw/node/current/bin/node
5 verbose run-script [ 'prestart', 'start', 'poststart' ]
6 info prestart concierge@0.0.0
7 info start concierge@0.0.0
8 verbose unsafe-perm in lifecycle true
9 info concierge@0.0.0 Failed to exec start script
10 verbose stack Error: concierge@0.0.0 start: `node ./bin/www`
10 verbose stack Exit status 1
10 verbose stack     at EventEmitter.<anonymous> (/sw/node/node-v0.12.7-linux-x64/lib/node_modules/npm/lib/utils/lifecycle.js:213:16)
10 verbose stack     at EventEmitter.emit (events.js:110:17)
10 verbose stack     at ChildProcess.<anonymous> (/sw/node/node-v0.12.7-linux-x64/lib/node_modules/npm/lib/utils/spawn.js:24:14)
10 verbose stack     at ChildProcess.emit (events.js:110:17)
10 verbose stack     at maybeClose (child_process.js:1015:16)
10 verbose stack     at Process.ChildProcess._handle.onexit (child_process.js:1087:5)
11 verbose pkgid concierge@0.0.0
12 verbose cwd /src/datacity/concierge
13 error Linux 3.10.0-229.el7.x86_64
14 error argv "/sw/node/current/bin/node" "/sw/node/current/bin/npm" "start"
15 error node v0.12.7
16 error npm  v2.11.3
17 error code ELIFECYCLE
18 error concierge@0.0.0 start: `node ./bin/www`
18 error Exit status 1
19 error Failed at the concierge@0.0.0 start script 'node ./bin/www'.
19 error This is most likely a problem with the concierge package,
19 error not with npm itself.
19 error Tell the author that this fails on your system:
19 error     node ./bin/www
19 error You can get their info via:
19 error     npm owner ls concierge
19 error There is likely additional logging output above.
20 verbose exit [ 1, true ]
